2015-03-10 23:41:34 : ~~~~Welcome to AutoIt ClashBot v5.7.1!~~~~
2015-03-10 23:41:34 : Executable running on X64 OS
2015-03-10 23:41:34 : Bot is starting...
2015-03-10 23:41:35 : Trying to locate Main Screen
2015-03-10 23:41:35 : Main Screen Located
2015-03-10 23:41:42 : All traps armed
2015-03-10 23:41:43 : Training Troops...
2015-03-10 23:41:45 : Barrack 1 Training...
2015-03-10 23:41:49 : Barrack 2 Training...
2015-03-10 23:41:52 : Barrack 3 Training...
2015-03-10 23:41:56 : Barrack 4 Training...
2015-03-10 23:41:58 : Training Troops Complete
2015-03-10 23:42:00 : Requesting for Clan Castle's Troops
2015-03-10 23:42:06 : Donating Troops
2015-03-10 23:42:06 : No new chats, skip donating
2015-03-10 23:42:07 : Collecting Resources
2015-03-10 23:42:18 : Searching...
2015-03-10 23:42:24 : ============Searching For Dead Base============
2015-03-10 23:42:24 : ~Gold: 100000; Elixir: 100000; Dark: 0; Trophy: 0; Townhall: 4-6
2015-03-10 23:42:28 : (1) [G]: 43329   [E]: 44013   [D]: 148  [T]: 25  [TH]: -, -
2015-03-10 23:42:34 : (2) [G]: 21746   [E]: 113094  [D]: 450  [T]: 16  [TH]: 8, Inside
2015-03-10 23:42:35 : ~~~~~~~Not dead base, skipping~~~~~~~
2015-03-10 23:42:41 : (3) [G]: 49199   [E]: 44667   [D]: 108  [T]: 14  [TH]: 8, Inside
2015-03-10 23:42:48 : (4) [G]: 33308   [E]: 31358   [D]: 408  [T]: 14  [TH]: 8, Inside
2015-03-10 23:44:49 : (5) [G]: 22723   [E]: 18444   [D]: 526  [T]: 15  [TH]: 8, Inside
2015-03-10 23:44:55 : (6) [G]: 209814  [E]: 185651  [D]: 792  [T]: 27  [TH]: 8, Outside
2015-03-10 23:44:55 : ~~~~~~~Outside Townhall Found!~~~~~~~
2015-03-10 23:44:56 : ===============Searching Complete===============
2015-03-10 23:44:57 : Preparing to attack
2015-03-10 23:44:57 : -Barbarians 112
2015-03-10 23:44:58 : -Archers 88
2015-03-10 23:44:58 : -Clan castle 1
2015-03-10 23:44:59 : ======Beginning Attack======
2015-03-10 23:44:59 : ~Attacking with New Algorithm...
2015-03-10 23:45:01 : ~Attacking in all sides...
2015-03-10 23:45:02 : Townhall location (429, 456)
2015-03-10 23:45:03 : Getting Attack Townhall location...
2015-03-10 23:45:03 : Getting Attack Townhall location...
2015-03-10 23:45:03 : Getting Attack Townhall location...
2015-03-10 23:45:03 : Getting Attack Townhall location...
2015-03-10 23:45:03 : Getting Attack Townhall location...
2015-03-10 23:45:04 : Getting Attack Townhall location...
2015-03-10 23:45:04 : Getting Attack Townhall location...
2015-03-10 23:45:04 : Getting Attack Townhall location...
2015-03-10 23:45:04 : Getting Attack Townhall location...
2015-03-10 23:45:04 : Getting Attack Townhall location...
2015-03-10 23:45:05 : Getting Attack Townhall location...
2015-03-10 23:45:05 : Getting Attack Townhall location...
2015-03-10 23:45:05 : Getting Attack Townhall location...
2015-03-10 23:45:05 : Getting Attack Townhall location...
2015-03-10 23:45:05 : Getting Attack Townhall location...
2015-03-10 23:45:05 : Getting Attack Townhall location...
2015-03-10 23:45:06 : Getting Attack Townhall location...
2015-03-10 23:45:06 : Getting Attack Townhall location...
2015-03-10 23:45:06 : Getting Attack Townhall location...
2015-03-10 23:45:06 : Getting Attack Townhall location...
2015-03-10 23:45:06 : Attacking Townhall with first wave Barbarians
2015-03-10 23:45:16 : Attacking Townhall with first wave of Archers
2015-03-10 23:45:22 : Checking remainding unlaunched troops
2015-03-10 23:45:22 : -Barbarians 110
2015-03-10 23:45:23 : -Archers 88
2015-03-10 23:45:23 : -Clan castle 1
2015-03-10 23:45:23 : Dropping first wave of 55 Barbarians
2015-03-10 23:45:28 : Dropping first wave of 44 Archers
2015-03-10 23:45:33 : Dropping second wave of 55 Barbarians
2015-03-10 23:45:38 : Dropping Clan Castle
2015-03-10 23:45:39 : Dropping second wave of 44 Archers
2015-03-10 23:45:47 : Dropping left over troops
2015-03-10 23:45:47 : Checking remainding unlaunched troops
2015-03-10 23:45:50 : Checking remainding unlaunched troops
2015-03-10 23:45:53 : ~Finished Attacking, waiting to finish
2015-03-10 23:46:19 : Checking if the battle has finished
