2015-03-10 23:27:47 : ~~~~Welcome to AutoIt ClashBot v5.7.1!~~~~
2015-03-10 23:27:47 : Executable running on X64 OS
2015-03-10 23:27:47 : Bot is starting...
2015-03-10 23:27:48 : Trying to locate Main Screen
2015-03-10 23:27:48 : Main Screen Located
2015-03-10 23:27:55 : All traps armed
2015-03-10 23:27:56 : Training Troops...
2015-03-10 23:27:58 : Barrack 1 Training...
2015-03-10 23:28:02 : Barrack 2 Training...
2015-03-10 23:28:06 : Barrack 3 Training...
2015-03-10 23:28:10 : Barrack 4 Training...
2015-03-10 23:28:13 : Training Troops Complete
2015-03-10 23:28:15 : Requesting for Clan Castle's Troops
2015-03-10 23:28:17 : Request's already been made
2015-03-10 23:28:18 : Donating Troops
2015-03-10 23:28:18 : No new chats, skip donating
2015-03-10 23:28:20 : Collecting Resources
2015-03-10 23:28:29 : ~~~Waiting for full army~~~
2015-03-10 23:28:59 : Trying to locate Main Screen
2015-03-10 23:28:59 : Main Screen Located
2015-03-10 23:29:01 : Training Troops...
2015-03-10 23:29:03 : Barrack 1 Training...
2015-03-10 23:29:07 : Barrack 2 Training...
2015-03-10 23:29:11 : Barrack 3 Training...
2015-03-10 23:29:15 : Barrack 4 Training...
2015-03-10 23:29:17 : Training Troops Complete
2015-03-10 23:29:20 : Donating Troops
2015-03-10 23:29:20 : No new chats, skip donating
2015-03-10 23:29:20 : Time Idle: 0 hours 0 minutes 50 seconds
2015-03-10 23:29:20 : ~~~Waiting for full army~~~
2015-03-10 23:29:50 : Trying to locate Main Screen
2015-03-10 23:29:50 : Main Screen Located
2015-03-10 23:29:52 : Training Troops...
2015-03-10 23:29:54 : Barrack 1 Training...
2015-03-10 23:29:58 : Barrack 2 Training...
2015-03-10 23:30:02 : Barrack 3 Training...
2015-03-10 23:30:06 : Barrack 4 Training...
2015-03-10 23:30:08 : Training Troops Complete
2015-03-10 23:30:10 : Donating Troops
2015-03-10 23:30:10 : No new chats, skip donating
2015-03-10 23:30:10 : Time Idle: 0 hours 1 minutes 40 seconds
2015-03-10 23:30:10 : ~~~Waiting for full army~~~
2015-03-10 23:30:40 : Trying to locate Main Screen
2015-03-10 23:30:40 : Main Screen Located
2015-03-10 23:30:42 : Training Troops...
2015-03-10 23:30:44 : Barrack 1 Training...
2015-03-10 23:30:48 : Barrack 2 Training...
2015-03-10 23:30:52 : Barrack 3 Training...
2015-03-10 23:30:56 : Barrack 4 Training...
2015-03-10 23:30:58 : Training Troops Complete
2015-03-10 23:31:00 : Donating Troops
2015-03-10 23:31:01 : No new chats, skip donating
2015-03-10 23:31:01 : Time Idle: 0 hours 2 minutes 31 seconds
2015-03-10 23:31:01 : ~~~Waiting for full army~~~
2015-03-10 23:31:31 : Trying to locate Main Screen
2015-03-10 23:31:31 : Main Screen Located
2015-03-10 23:31:33 : Training Troops...
2015-03-10 23:31:34 : Barrack 1 Training...
2015-03-10 23:31:38 : Barrack 2 Training...
2015-03-10 23:31:43 : Barrack 3 Training...
2015-03-10 23:31:46 : Barrack 4 Training...
2015-03-10 23:31:49 : Training Troops Complete
2015-03-10 23:31:51 : Donating Troops
2015-03-10 23:31:53 : Chat Text:  
2015-03-10 23:31:55 : Chat Text: ban
2015-03-10 23:31:59 : Finished Donating
2015-03-10 23:31:59 : Time Idle: 0 hours 3 minutes 29 seconds
2015-03-10 23:31:59 : ~~~Waiting for full army~~~
2015-03-10 23:32:29 : Trying to locate Main Screen
2015-03-10 23:32:29 : Main Screen Located
2015-03-10 23:32:31 : Training Troops...
2015-03-10 23:32:33 : Barrack 1 Training...
2015-03-10 23:32:37 : Barrack 2 Training...
2015-03-10 23:32:41 : Barrack 3 Training...
2015-03-10 23:32:45 : Barrack 4 Training...
2015-03-10 23:32:47 : Training Troops Complete
2015-03-10 23:32:50 : Donating Troops
2015-03-10 23:32:50 : No new chats, skip donating
2015-03-10 23:32:50 : Time Idle: 0 hours 4 minutes 20 seconds
2015-03-10 23:32:50 : ~~~Waiting for full army~~~
2015-03-10 23:33:20 : Trying to locate Main Screen
2015-03-10 23:33:20 : Main Screen Located
2015-03-10 23:33:22 : Training Troops...
2015-03-10 23:33:24 : Barrack 1 Training...
2015-03-10 23:33:28 : Barrack 2 Training...
2015-03-10 23:33:31 : Barrack 3 Training...
2015-03-10 23:33:35 : Barrack 4 Training...
2015-03-10 23:33:38 : Training Troops Complete
2015-03-10 23:33:40 : Donating Troops
2015-03-10 23:33:40 : No new chats, skip donating
2015-03-10 23:33:40 : Time Idle: 0 hours 5 minutes 10 seconds
2015-03-10 23:33:40 : ~~~Waiting for full army~~~
2015-03-10 23:34:10 : Trying to locate Main Screen
2015-03-10 23:34:10 : Main Screen Located
2015-03-10 23:34:12 : Training Troops...
2015-03-10 23:34:14 : Barrack 1 Training...
2015-03-10 23:34:18 : Barrack 2 Training...
2015-03-10 23:34:22 : Barrack 3 Training...
2015-03-10 23:34:26 : Barrack 4 Training...
2015-03-10 23:34:28 : Training Troops Complete
2015-03-10 23:34:30 : Donating Troops
2015-03-10 23:34:32 : Chat Text:  
2015-03-10 23:34:34 : Chat Text: ban
2015-03-10 23:34:37 : Chat Text: ban
2015-03-10 23:34:39 : Finished Donating
2015-03-10 23:34:40 : Time Idle: 0 hours 6 minutes 10 seconds
2015-03-10 23:34:40 : ~~~Waiting for full army~~~
2015-03-10 23:35:10 : Trying to locate Main Screen
2015-03-10 23:35:10 : Main Screen Located
2015-03-10 23:35:12 : Training Troops...
2015-03-10 23:35:14 : Barrack 1 Training...
2015-03-10 23:35:18 : Barrack 2 Training...
2015-03-10 23:35:22 : Barrack 3 Training...
2015-03-10 23:35:26 : Barrack 4 Training...
2015-03-10 23:35:28 : Training Troops Complete
2015-03-10 23:35:30 : Donating Troops
2015-03-10 23:35:30 : No new chats, skip donating
2015-03-10 23:35:30 : Time Idle: 0 hours 7 minutes 1 seconds
2015-03-10 23:35:30 : ~~~Waiting for full army~~~
2015-03-10 23:36:00 : Trying to locate Main Screen
2015-03-10 23:36:01 : Main Screen Located
2015-03-10 23:36:03 : Collecting Resources
2015-03-10 23:36:12 : Training Troops...
2015-03-10 23:36:14 : Barrack 1 Training...
2015-03-10 23:36:18 : Barrack 2 Training...
2015-03-10 23:36:22 : Barrack 3 Training...
2015-03-10 23:36:27 : Barrack 4 Training...
2015-03-10 23:36:29 : Training Troops Complete
2015-03-10 23:36:31 : Donating Troops
2015-03-10 23:36:33 : Chat Text: bal
2015-03-10 23:36:35 : Chat Text:  
2015-03-10 23:36:38 : Chat Text: ban
2015-03-10 23:36:40 : Finished Donating
2015-03-10 23:36:41 : Time Idle: 0 hours 8 minutes 11 seconds
2015-03-10 23:36:41 : ~~~Waiting for full army~~~
2015-03-10 23:37:11 : Trying to locate Main Screen
2015-03-10 23:37:11 : Main Screen Located
2015-03-10 23:37:13 : Training Troops...
2015-03-10 23:37:15 : Barrack 1 Training...
2015-03-10 23:37:19 : Barrack 2 Training...
2015-03-10 23:37:23 : Barrack 3 Training...
2015-03-10 23:37:27 : Barrack 4 Training...
2015-03-10 23:37:29 : Training Troops Complete
2015-03-10 23:37:31 : Donating Troops
2015-03-10 23:37:31 : No new chats, skip donating
2015-03-10 23:37:31 : Time Idle: 0 hours 9 minutes 1 seconds
2015-03-10 23:37:31 : ~~~Waiting for full army~~~
2015-03-10 23:38:01 : Trying to locate Main Screen
2015-03-10 23:38:01 : Main Screen Located
2015-03-10 23:38:04 : Training Troops...
2015-03-10 23:38:05 : Barrack 1 Training...
2015-03-10 23:38:09 : Barrack 2 Training...
2015-03-10 23:38:13 : Barrack 3 Training...
2015-03-10 23:38:17 : Barrack 4 Training...
2015-03-10 23:38:19 : Training Troops Complete
2015-03-10 23:38:22 : Donating Troops
2015-03-10 23:38:22 : No new chats, skip donating
2015-03-10 23:38:22 : Time Idle: 0 hours 9 minutes 52 seconds
2015-03-10 23:38:22 : ~~~Waiting for full army~~~
2015-03-10 23:38:52 : Trying to locate Main Screen
2015-03-10 23:38:52 : Main Screen Located
2015-03-10 23:38:54 : Training Troops...
2015-03-10 23:38:56 : Barrack 1 Training...
2015-03-10 23:38:59 : Barrack 2 Training...
2015-03-10 23:39:04 : Barrack 3 Training...
2015-03-10 23:39:08 : Barrack 4 Training...
2015-03-10 23:39:10 : Training Troops Complete
2015-03-10 23:39:12 : Donating Troops
2015-03-10 23:39:12 : No new chats, skip donating
2015-03-10 23:39:12 : Time Idle: 0 hours 10 minutes 42 seconds
2015-03-10 23:39:12 : ~~~Waiting for full army~~~
2015-03-10 23:39:42 : Trying to locate Main Screen
2015-03-10 23:39:42 : Main Screen Located
2015-03-10 23:39:44 : Training Troops...
2015-03-10 23:39:46 : Barrack 1 Training...
2015-03-10 23:39:50 : Barrack 2 Training...
2015-03-10 23:39:54 : Barrack 3 Training...
2015-03-10 23:39:58 : Barrack 4 Training...
2015-03-10 23:40:01 : Training Troops Complete
2015-03-10 23:40:03 : Searching...
2015-03-10 23:40:09 : ============Searching For Dead Base============
2015-03-10 23:40:09 : ~Gold: 100000; Elixir: 100000; Dark: 0; Trophy: 0; Townhall: 4-6
2015-03-10 23:40:13 : (1) [G]: 52223   [E]: 66667   [D]: 1104 [T]: 19  [TH]: 9, Outside
2015-03-10 23:40:13 : ~~~~~~~Outside Townhall Found!~~~~~~~
2015-03-10 23:40:15 : ===============Searching Complete===============
2015-03-10 23:40:16 : Preparing to attack
2015-03-10 23:40:16 : -Barbarians 112
2015-03-10 23:40:16 : -Archers 88
2015-03-10 23:40:16 : -Clan castle 1
2015-03-10 23:40:18 : ======Beginning Attack======
2015-03-10 23:40:18 : ~Attacking with New Algorithm...
2015-03-10 23:40:20 : ~Attacking in all sides...
2015-03-10 23:40:21 : Townhall location (428, 462)
2015-03-10 23:40:21 : Getting Attack Townhall location...
2015-03-10 23:40:22 : Getting Attack Townhall location...
2015-03-10 23:40:22 : Getting Attack Townhall location...
2015-03-10 23:40:22 : Getting Attack Townhall location...
2015-03-10 23:40:22 : Getting Attack Townhall location...
2015-03-10 23:40:22 : Getting Attack Townhall location...
2015-03-10 23:40:23 : Getting Attack Townhall location...
2015-03-10 23:40:23 : Getting Attack Townhall location...
2015-03-10 23:40:23 : Getting Attack Townhall location...
2015-03-10 23:40:23 : Getting Attack Townhall location...
2015-03-10 23:40:23 : Getting Attack Townhall location...
2015-03-10 23:40:24 : Getting Attack Townhall location...
2015-03-10 23:40:24 : Getting Attack Townhall location...
2015-03-10 23:40:24 : Getting Attack Townhall location...
2015-03-10 23:40:24 : Getting Attack Townhall location...
2015-03-10 23:40:24 : Getting Attack Townhall location...
2015-03-10 23:40:25 : Getting Attack Townhall location...
2015-03-10 23:40:25 : Getting Attack Townhall location...
2015-03-10 23:40:25 : Getting Attack Townhall location...
2015-03-10 23:40:25 : Getting Attack Townhall location...
2015-03-10 23:40:25 : Attacking Townhall with first wave Barbarians
2015-03-10 23:40:35 : Attacking Townhall with first wave of Archers
2015-03-10 23:40:41 : Checking remainding unlaunched troops
2015-03-10 23:40:41 : Dropping Clan Castle
2015-03-10 23:40:45 : Dropping left over troops
2015-03-10 23:40:45 : Checking remainding unlaunched troops
2015-03-10 23:40:48 : Checking remainding unlaunched troops
2015-03-10 23:40:51 : ~Finished Attacking, waiting to finish
2015-03-10 23:41:17 : Checking if the battle has finished
2015-03-10 23:41:23 : Battle has finished
2015-03-10 23:41:23 : Returning Home
