2015-02-26 22:31:30 : ~~~~Welcome to TBC Clashbot 5.6.5!~~~~
2015-02-26 22:31:30 : Executable running on X64 OS
2015-02-26 22:31:30 : Bot is starting...
2015-02-26 22:31:31 : Trying to locate Main Screen
2015-02-26 22:31:31 : Main Screen Located
2015-02-26 22:31:32 : Zooming Out
2015-02-26 22:32:02 : Waiting for Main Screen
2015-02-26 22:32:09 : Donating Troops
2015-02-26 22:32:12 : Finished Donating
2015-02-26 22:32:14 : Locating Barrack...
2015-02-26 22:32:20 : -Locating Complete-
2015-02-26 22:32:20 : -Barrack = (390,476)
2015-02-26 22:32:22 : Training Troops...
2015-02-26 22:32:24 : Your Barrack is not available
2015-02-26 22:32:24 : Army Camp Full : False
2015-02-26 22:32:28 : Training Troops Complete...
2015-02-26 22:32:32 : -Clan Castle =  (431,310)
2015-02-26 22:32:33 : Requesting for Clan Castle Troops
2015-02-26 22:32:35 : Join a clan to donate troops
2015-02-26 22:32:36 : Collecting Resources
2015-02-26 22:32:48 : Village Report
2015-02-26 22:32:48 : Num. of Free Builders: 0
2015-02-26 22:32:48 : Opening Builder page to read Resources..
2015-02-26 22:32:50 : Resources: [G]: 1706442 [E]: 2546712 [D]: 9594 [GEM]: 66
2015-02-26 22:32:50 : Checking Upgrade Walls
2015-02-26 22:32:50 : Uncheck Upgrade Wall option, Skip Upgrade 
2015-02-26 22:32:51 : ====== Waiting for full army ======
2015-02-26 22:33:11 : Waiting for Main Screen
