2015-03-10 23:56:31 : ~~~~Welcome to COC Bot2.1!~~~~
2015-03-10 23:56:31 : Executable running on X64 OS
2015-03-10 23:56:31 : Bot is starting...
2015-03-10 23:56:32 : Trying to locate Main Screen
2015-03-10 23:56:32 : Main Screen Located
2015-03-10 23:56:39 : All traps armed
2015-03-10 23:56:40 : Training Troops...
2015-03-10 23:56:42 : Barrack 1 Training...
2015-03-10 23:56:46 : Barrack 2 Training...
2015-03-10 23:56:51 : Barrack 3 Training...
2015-03-10 23:56:56 : Barrack 4 Training...
2015-03-10 23:56:59 : Training Troops Complete
2015-03-10 23:57:01 : Requesting for Clan Castle's Troops
2015-03-10 23:57:04 : Request's already been made
2015-03-10 23:57:05 : Donating Troops
2015-03-10 23:57:07 : Chat Text:  
2015-03-10 23:57:09 : Chat Text: farm
2015-03-10 23:57:10 : Donating Archers
2015-03-10 23:57:15 : Finished Donating
2015-03-10 23:57:17 : Collecting Resources
