2015-03-10 23:57:36 : ~~~~Welcome to COC Bot2.1!~~~~
2015-03-10 23:57:36 : Executable running on X64 OS
2015-03-10 23:57:36 : Bot is starting...
2015-03-10 23:57:37 : Trying to locate Main Screen
2015-03-10 23:57:38 : Main Screen Located
2015-03-10 23:57:44 : All traps armed
2015-03-10 23:57:46 : Training Troops...
2015-03-10 23:57:47 : Barrack 1 Training...
2015-03-10 23:57:51 : Barrack 2 Training...
2015-03-10 23:57:55 : Barrack 3 Training...
2015-03-10 23:57:59 : Barrack 4 Training...
2015-03-10 23:58:01 : Training Troops Complete
2015-03-10 23:58:04 : Requesting for Clan Castle's Troops
2015-03-10 23:58:09 : Donating Troops
2015-03-10 23:58:09 : No new chats, skip donating
2015-03-10 23:58:10 : Collecting Resources
2015-03-10 23:58:20 : ~~~Waiting for full army~~~
2015-03-10 23:58:50 : Trying to locate Main Screen
2015-03-10 23:58:50 : Main Screen Located
2015-03-10 23:58:52 : Training Troops...
2015-03-10 23:58:54 : Barrack 1 Training...
2015-03-10 23:58:58 : Barrack 2 Training...
2015-03-10 23:59:02 : Barrack 3 Training...
2015-03-10 23:59:06 : Barrack 4 Training...
2015-03-10 23:59:08 : Training Troops Complete
2015-03-10 23:59:10 : Donating Troops
2015-03-10 23:59:10 : No new chats, skip donating
2015-03-10 23:59:10 : Time Idle: 0 hours 0 minutes 50 seconds
2015-03-10 23:59:10 : ~~~Waiting for full army~~~
2015-03-10 23:59:40 : Trying to locate Main Screen
2015-03-10 23:59:40 : Main Screen Located
2015-03-10 23:59:42 : Training Troops...
2015-03-10 23:59:44 : Barrack 1 Training...
2015-03-10 23:59:48 : Barrack 2 Training...
2015-03-10 23:59:52 : Barrack 3 Training...
2015-03-10 23:59:56 : Barrack 4 Training...
2015-03-10 23:59:58 : Training Troops Complete
2015-03-11 00:00:00 : Donating Troops
2015-03-11 00:00:01 : No new chats, skip donating
2015-03-11 00:00:01 : Time Idle: 0 hours 1 minutes 40 seconds
2015-03-11 00:00:01 : ~~~Waiting for full army~~~
2015-03-11 00:00:31 : Trying to locate Main Screen
2015-03-11 00:00:31 : Main Screen Located
2015-03-11 00:00:33 : Training Troops...
2015-03-11 00:00:34 : Barrack 1 Training...
2015-03-11 00:00:38 : Barrack 2 Training...
2015-03-11 00:00:42 : Barrack 3 Training...
2015-03-11 00:00:46 : Barrack 4 Training...
2015-03-11 00:00:49 : Training Troops Complete
2015-03-11 00:00:51 : Donating Troops
2015-03-11 00:00:51 : No new chats, skip donating
2015-03-11 00:00:51 : Time Idle: 0 hours 2 minutes 30 seconds
2015-03-11 00:00:51 : ~~~Waiting for full army~~~
2015-03-11 00:01:21 : Trying to locate Main Screen
2015-03-11 00:01:21 : Main Screen Located
2015-03-11 00:01:23 : Training Troops...
2015-03-11 00:01:25 : Barrack 1 Training...
2015-03-11 00:01:29 : Barrack 2 Training...
2015-03-11 00:01:33 : Barrack 3 Training...
2015-03-11 00:01:37 : Barrack 4 Training...
2015-03-11 00:01:39 : Training Troops Complete
2015-03-11 00:01:41 : Searching...
2015-03-11 00:01:47 : ============Searching For Dead Base============
2015-03-11 00:01:47 : ~Gold: 100000; Elixir: 100000; Dark: 0; Trophy: 0; Townhall: 4-6
2015-03-11 00:01:51 : (1) [G]: 79930   [E]: 72015   [D]: 687  [T]: 31  [TH]: 8, Inside
2015-03-11 00:01:58 : (2) [G]: 10949   [E]: 13116   [D]: 151  [T]: 23  [TH]: 7, Inside
2015-03-11 00:02:02 : (3) [G]: 102720  [E]: 46608   [D]: 554  [T]: 25  [TH]: 8, Inside
2015-03-11 00:02:04 : ~~~~~~~Not dead base, skipping~~~~~~~
2015-03-11 00:02:10 : (4) [G]: 24840   [E]: 55425   [D]: 233  [T]: 19  [TH]: 9, Inside
2015-03-11 00:02:15 : (5) [G]: 150027  [E]: 154559  [D]: 362  [T]: 20  [TH]: 8, Inside
2015-03-11 00:02:15 : ~~~~~~~Dead Base Found!~~~~~~~
2015-03-11 00:02:16 : ===============Searching Complete===============
2015-03-11 00:02:18 : Preparing to attack
2015-03-11 00:02:18 : -Barbarians 114
2015-03-11 00:02:18 : -Archers 86
2015-03-11 00:02:18 : -Clan castle 1
2015-03-11 00:02:18 : -King 1
2015-03-11 00:02:19 : ======Beginning Attack======
2015-03-11 00:02:19 : ~Attacking with New Algorithm...
2015-03-11 00:02:21 : ~Attacking in all sides...
2015-03-11 00:02:22 : Dropping first wave of 57 Barbarians
2015-03-11 00:02:30 : Dropping first wave of 43 Archers
2015-03-11 00:02:35 : Dropping second wave of 57 Barbarians
2015-03-11 00:02:40 : Dropping Clan Castle
2015-03-11 00:02:41 : Dropping second wave of 43 Archers
2015-03-11 00:02:48 : Dropping King
2015-03-11 00:02:50 : Dropping left over troops
2015-03-11 00:02:50 : Checking remainding unlaunched troops
2015-03-11 00:02:53 : Checking remainding unlaunched troops
2015-03-11 00:02:56 : Waiting 6 seconds before activating Hero abilities
2015-03-11 00:03:02 : Activate King's power
2015-03-11 00:03:02 : ~Finished Attacking, waiting to finish
2015-03-11 00:03:22 : Checking if the battle has finished
2015-03-11 00:03:27 : Battle has finished
2015-03-11 00:03:27 : Returning Home
2015-03-11 00:03:42 : Trying to locate Main Screen
2015-03-11 00:03:42 : Main Screen Located
2015-03-11 00:03:49 : All traps armed
2015-03-11 00:03:50 : Training Troops...
2015-03-11 00:03:52 : Barrack 1 Training...
2015-03-11 00:03:56 : Barrack 2 Training...
2015-03-11 00:04:00 : Barrack 3 Training...
2015-03-11 00:04:04 : Barrack 4 Training...
2015-03-11 00:04:07 : Training Troops Complete
2015-03-11 00:04:09 : Requesting for Clan Castle's Troops
2015-03-11 00:04:11 : Request's already been made
2015-03-11 00:04:12 : Donating Troops
2015-03-11 00:04:12 : No new chats, skip donating
2015-03-11 00:04:13 : Collecting Resources
